[0m[0m
[0m[4m/Users/devang/Documents/local_rabbit/packages/client/src/App.js[24m[0m
[0m  [2m0:0[22m  [31merror[39m  Parsing error: "parserOptions.project" has been provided for @typescript-eslint/parser.[0m
[0mThe file was not found in any of the provided project(s): src/App.js[0m
[0m[0m
[0m[4m/Users/devang/Documents/local_rabbit/packages/client/src/App.jsx[24m[0m
[0m  [2m0:0[22m  [31merror[39m  Parsing error: "parserOptions.project" has been provided for @typescript-eslint/parser.[0m
[0mThe file was not found in any of the provided project(s): src/App.jsx[0m
[0m[0m
[0m[4m/Users/devang/Documents/local_rabbit/packages/client/src/App.tsx[24m[0m
[0m   [2m0:1[22m   [31merror[39m  This rule requires the `strictNullChecks` compiler option to be turned on to function correctly  [2m@typescript-eslint/strict-boolean-expressions[22m[0m
[0m   [2m0:1[22m   [31merror[39m  This rule requires the `strictNullChecks` compiler option to be turned on to function correctly  [2m@typescript-eslint/no-unnecessary-condition[22m[0m
[0m   [2m0:1[22m   [31merror[39m  This rule requires the `strictNullChecks` compiler option to be turned on to function correctly  [2m@typescript-eslint/prefer-nullish-coalescing[22m[0m
[0m  [2m15:32[22m  [31merror[39m  'JSX' is not defined                                                                             [2mno-undef[22m[0m
[0m[0m
[0m[4m/Users/devang/Documents/local_rabbit/packages/client/src/components/AIAnalyzer.early.test/AIAnalyzer.early.test.jsx[24m[0m
[0m    [2m0:1[22m   [31merror[39m  This rule requires the `strictNullChecks` compiler option to be turned on to function correctly  [2m@typescript-eslint/strict-boolean-expressions[22m[0m
[0m    [2m0:1[22m   [31merror[39m  This rule requires the `strictNullChecks` compiler option to be turned on to function correctly  [2m@typescript-eslint/no-unnecessary-condition[22m[0m
[0m    [2m0:1[22m   [31merror[39m  This rule requires the `strictNullChecks` compiler option to be turned on to function correctly  [2m@typescript-eslint/prefer-nullish-coalescing[22m[0m
[0m    [2m1:11[22m  [31merror[39m  'console' is defined but never used                                                              [2mno-unused-vars[22m[0m
[0m    [2m1:11[22m  [31merror[39m  'console' is defined but never used                                                              [2m@typescript-eslint/no-unused-vars[22m[0m
[0m    [2m2:11[22m  [31merror[39m  'console' is already defined                                                                     [2mno-redeclare[22m[0m
[0m    [2m8:6[22m   [31merror[39m  'describe' is not defined                                                                        [2mno-undef[22m[0m
[0m   [2m32:3[22m   [31merror[39m  'describe' is not defined                                                                        [2mno-undef[22m[0m
[0m   [2m33:5[22m   [31merror[39m  'test' is not defined                                                                            [2mno-undef[22m[0m
[0m   [2m34:7[22m   [31merror[39m  Unsafe call of a(n) `error` type typed value                                                     [2m@typescript-eslint/no-unsafe-call[22m[0m
[0m   [2m42:7[22m   [31merror[39m  Unsafe call of a(n) `error` type typed value                                                     [2m@typescript-eslint/no-unsafe-call[22m[0m
[0m   [2m42:7[22m   [31merror[39m  'expect' is not defined                                                                          [2mno-undef[22m[0m
[0m   [2m42:14[22m  [31merror[39m  Unsafe call of a(n) `error` type typed value                                                     [2m@typescript-eslint/no-unsafe-call[22m[0m
[0m   [2m42:21[22m  [31merror[39m  Unsafe member access .getByText on an `error` typed value                                        [2m@typescript-eslint/no-unsafe-member-access[22m[0m
[0m   [2m43:7[22m   [31merror[39m  Unsafe call of a(n) `error` type typed value                                                     [2m@typescript-eslint/no-unsafe-call[22m[0m
[0m   [2m43:7[22m   [31merror[39m  'expect' is not defined                                                                          [2mno-undef[22m[0m
[0m   [2m44:9[22m   [31merror[39m  Unsafe call of a(n) `error` type typed value                                                     [2m@typescript-eslint/no-unsafe-call[22m[0m
[0m   [2m44:16[22m  [31merror[39m  Unsafe member access .getByRole on an `error` typed value                                        [2m@typescript-eslint/no-unsafe-member-access[22m[0m
[0m   [2m48:5[22m   [31merror[39m  'test' is not defined                                                                            [2mno-undef[22m[0m
[0m   [2m49:7[22m   [31merror[39m  Unsafe call of a(n) `error` type typed value                                                     [2m@typescript-eslint/no-unsafe-call[22m[0m
[0m   [2m57:7[22m   [31merror[39m  Unsafe call of a(n) `error` type typed value                                                     [2m@typescript-eslint/no-unsafe-call[22m[0m
[0m   [2m57:17[22m  [31merror[39m  Unsafe member access .click on an `error` typed value                                            [2m@typescript-eslint/no-unsafe-member-access[22m[0m
[0m   [2m57:23[22m  [31merror[39m  Unsafe call of a(n) `error` type typed value                                                     [2m@typescript-eslint/no-unsafe-call[22m[0m
[0m   [2m57:30[22m  [31merror[39m  Unsafe member access .getByRole on an `error` typed value                                        [2m@typescript-eslint/no-unsafe-member-access[22m[0m
[0m   [2m59:13[22m  [31merror[39m  Unsafe call of a(n) `error` type typed value                                                     [2m@typescript-eslint/no-unsafe-call[22m[0m
[0m   [2m60:9[22m   [31merror[39m  Unsafe return of a value of type error                                                           [2m@typescript-eslint/no-unsafe-return[22m[0m
[0m   [2m60:9[22m   [31merror[39m  Unsafe call of a(n) `error` type typed value                                                     [2m@typescript-eslint/no-unsafe-call[22m[0m
[0m   [2m60:9[22m   [31merror[39m  'expect' is not defined                                                                          [2mno-undef[22m[0m
[0m   [2m60:16[22m  [31merror[39m  Unsafe call of a(n) `error` type typed value                                                     [2m@typescript-eslint/no-unsafe-call[22m[0m
[0m   [2m60:23[22m  [31merror[39m  Unsafe member access .getByText on an `error` typed value                                        [2m@typescript-eslint/no-unsafe-member-access[22m[0m
[0m   [2m63:7[22m   [31merror[39m  Unsafe call of a(n) `error` type typed value                                                     [2m@typescript-eslint/no-unsafe-call[22m[0m
[0m   [2m63:7[22m   [31merror[39m  'expect' is not defined                                                                          [2mno-undef[22m[0m
[0m   [2m63:14[22m  [31merror[39m  Unsafe call of a(n) `error` type typed value                                                     [2m@typescript-eslint/no-unsafe-call[22m[0m
[0m   [2m63:21[22m  [31merror[39m  Unsafe member access .getByText on an `error` typed value                                        [2m@typescript-eslint/no-unsafe-member-access[22m[0m
[0m   [2m68:3[22m   [31merror[39m  'describe' is not defined                                                                        [2mno-undef[22m[0m
[0m   [2m69:5[22m   [31merror[39m  'test' is not defined                                                                            [2mno-undef[22m[0m
[0m   [2m70:7[22m   [31merror[39m  Unsafe call of a(n) `error` type typed value                                                     [2m@typescript-eslint/no-unsafe-call[22m[0m
[0m   [2m78:7[22m   [31merror[39m  Unsafe call of a(n) `error` type typed value                                                     [2m@typescript-eslint/no-unsafe-call[22m[0m
[0m   [2m78:17[22m  [31merror[39m  Unsafe member access .click on an `error` typed value                                            [2m@typescript-eslint/no-unsafe-member-access[22m[0m
[0m   [2m78:23[22m  [31merror[39m  Unsafe call of a(n) `error` type typed value                                                     [2m@typescript-eslint/no-unsafe-call[22m[0m
[0m   [2m78:30[22m  [31merror[39m  Unsafe member access .getByRole on an `error` typed value                                        [2m@typescript-eslint/no-unsafe-member-access[22m[0m
[0m   [2m80:13[22m  [31merror[39m  Unsafe call of a(n) `error` type typed value                                                     [2m@typescript-eslint/no-unsafe-call[22m[0m
[0m   [2m81:9[22m   [31merror[39m  Unsafe return of a value of type error                                                           [2m@typescript-eslint/no-unsafe-return[22m[0m
[0m   [2m81:9[22m   [31merror[39m  Unsafe call of a(n) `error` type typed value                                                     [2m@typescript-eslint/no-unsafe-call[22m[0m
[0m   [2m81:9[22m   [31merror[39m  'expect' is not defined                                                                          [2mno-undef[22m[0m
[0m   [2m81:16[22m  [31merror[39m  Unsafe call of a(n) `error` type typed value                                                     [2m@typescript-eslint/no-unsafe-call[22m[0m
[0m   [2m81:23[22m  [31merror[39m  Unsafe member access .getByText on an `error` typed value                                        [2m@typescript-eslint/no-unsafe-member-access[22m[0m
[0m   [2m85:5[22m   [31merror[39m  'test' is not defined                                                                            [2mno-undef[22m[0m
[0m  [2m100:7[22m   [31merror[39m  Unsafe call of a(n) `error` type typed value                                                     [2m@typescript-eslint/no-unsafe-call[22m[0m
[0m  [2m108:7[22m   [31merror[39m  Unsafe call of a(n) `error` type typed value                                                     [2m@typescript-eslint/no-unsafe-call[22m[0m
[0m  [2m108:17[22m  [31merror[39m  Unsafe member access .click on an `error` typed value                                            [2m@typescript-eslint/no-unsafe-member-access[22m[0m
[0m  [2m108:23[22m  [31merror[39m  Unsafe call of a(n) `error` type typed value                                                     [2m@typescript-eslint/no-unsafe-call[22m[0m
[0m  [2m108:30[22m  [31merror[39m  Unsafe member access .getByRole on an `error` typed value                                        [2m@typescript-eslint/no-unsafe-member-access[22m[0m
[0m  [2m110:13[22m  [31merror[39m  Unsafe call of a(n) `error` type typed value                                                     [2m@typescript-eslint/no-unsafe-call[22m[0m
[0m  [2m111:9[22m   [31merror[39m  Unsafe return of a value of type error                                                           [2m@typescript-eslint/no-unsafe-return[22m[0m
[0m  [2m111:9[22m   [31merror[39m  Unsafe call of a(n) `error` type typed value                                                     [2m@typescript-eslint/no-unsafe-call[22m[0m
[0m  [2m111:9[22m   [31merror[39m  'expect' is not defined                                                                          [2mno-undef[22m[0m
[0m  [2m111:16[22m  [31merror[39m  Unsafe call of a(n) `error` type typed value                                                     [2m@typescript-eslint/no-unsafe-call[22m[0m
[0m  [2m111:23[22m  [31merror[39m  Unsafe member access .getByText on an `error` typed value                                        [2m@typescript-eslint/no-unsafe-member-access[22m[0m
[0m[0m
[0m[4m/Users/devang/Documents/local_rabbit/packages/client/src/components/AIAnalyzer/AIAnalyzer.jsx[24m[0m
[0m  [2m0:0[22m  [31merror[39m  Parsing error: "parserOptions.project" has been provided for @typescript-eslint/parser.[0m
[0mThe file was not found in any of the provided project(s): src/components/AIAnalyzer/AIAnalyzer.jsx[0m
[0m[0m
[0m[4m/Users/devang/Documents/local_rabbit/packages/client/src/components/AIAnalyzer/AIAnalyzer.tsx[24m[0m
[0m    [2m0:1[22m   [31merror[39m  This rule requires the `strictNullChecks` compiler option to be turned on to function correctly   [2m@typescript-eslint/strict-boolean-expressions[22m[0m
[0m    [2m0:1[22m   [31merror[39m  This rule requires the `strictNullChecks` compiler option to be turned on to function correctly   [2m@typescript-eslint/no-unnecessary-condition[22m[0m
[0m    [2m0:1[22m   [31merror[39m  This rule requires the `strictNullChecks` compiler option to be turned on to function correctly   [2m@typescript-eslint/prefer-nullish-coalescing[22m[0m
[0m    [2m3:11[22m  [31merror[39m  'fetch' is already defined                                                                        [2mno-redeclare[22m[0m
[0m    [2m3:18[22m  [31merror[39m  'console' is already defined                                                                      [2mno-redeclare[22m[0m
[0m   [2m32:24[22m  [31merror[39m  'branch' is defined but never used                                                                [2mno-unused-vars[22m[0m
[0m   [2m33:22[22m  [31merror[39m  'branch' is defined but never used                                                                [2mno-unused-vars[22m[0m
[0m   [2m61:7[22m   [31merror[39m  Unexpected constant binary expression. Compares constantly with the right-hand side of the `===`  [2mno-constant-binary-expression[22m[0m
[0m  [2m101:69[22m  [31merror[39m  Missing return type on function                                                                   [2m@typescript-eslint/explicit-function-return-type[22m[0m
[0m  [2m106:67[22m  [31merror[39m  Missing return type on function                                                                   [2m@typescript-eslint/explicit-function-return-type[22m[0m
[0m  [2m234:11[22m  [31merror[39m  Unnecessary conditional, value is always falsy                                                    [2m@typescript-eslint/no-unnecessary-condition[22m[0m
[0m  [2m234:12[22m  [31merror[39m  Unexpected object value in conditional. The condition is always true                              [2m@typescript-eslint/strict-boolean-expressions[22m[0m
[0m  [2m257:12[22m  [31merror[39m  Unexpected object value in conditional. The condition is always true                              [2m@typescript-eslint/strict-boolean-expressions[22m[0m
[0m  [2m257:12[22m  [31merror[39m  Unnecessary conditional, value is always truthy                                                   [2m@typescript-eslint/no-unnecessary-condition[22m[0m
[0m  [2m265:26[22m  [31merror[39m  Do not use Array index in keys                                                                    [2mreact/no-array-index-key[22m[0m
[0m  [2m278:12[22m  [31merror[39m  Unnecessary conditional, value is always truthy                                                   [2m@typescript-eslint/no-unnecessary-condition[22m[0m
[0m  [2m278:12[22m  [31merror[39m  Unexpected object value in conditional. The condition is always true                              [2m@typescript-eslint/strict-boolean-expressions[22m[0m
[0m  [2m284:33[22m  [31merror[39m  Unnecessary conditional, value is always truthy                                                   [2m@typescript-eslint/no-unnecessary-condition[22m[0m
[0m  [2m284:33[22m  [31merror[39m  Unexpected object value in conditional. The condition is always true                              [2m@typescript-eslint/strict-boolean-expressions[22m[0m
[0m[0m
[0m[4m/Users/devang/Documents/local_rabbit/packages/client/src/components/About/About.jsx[24m[0m
[0m   [2m0:1[22m   [31merror[39m  This rule requires the `strictNullChecks` compiler option to be turned on to function correctly  [2m@typescript-eslint/strict-boolean-expressions[22m[0m
[0m   [2m0:1[22m   [31merror[39m  This rule requires the `strictNullChecks` compiler option to be turned on to function correctly  [2m@typescript-eslint/no-unnecessary-condition[22m[0m
[0m   [2m0:1[22m   [31merror[39m  This rule requires the `strictNullChecks` compiler option to be turned on to function correctly  [2m@typescript-eslint/prefer-nullish-coalescing[22m[0m
[0m  [2m13:18[22m  [31merror[39m  Missing return type on function                                                                  [2m@typescript-eslint/explicit-function-return-type[22m[0m
[0m[0m
[0m[4m/Users/devang/Documents/local_rabbit/packages/client/src/components/AnalysisReport/AnalysisReport.tsx[24m[0m
[0m    [2m0:1[22m   [31merror[39m  This rule requires the `strictNullChecks` compiler option to be turned on to function correctly                                                                     [2m@typescript-eslint/strict-boolean-expressions[22m[0m
[0m    [2m0:1[22m   [31merror[39m  This rule requires the `strictNullChecks` compiler option to be turned on to function correctly                                                                     [2m@typescript-eslint/no-unnecessary-condition[22m[0m
[0m    [2m0:1[22m   [31merror[39m  This rule requires the `strictNullChecks` compiler option to be turned on to function correctly                                                                     [2m@typescript-eslint/prefer-nullish-coalescing[22m[0m
[0m   [2m50:18[22m  [31merror[39m  Unnecessary conditional, value is always truthy                                                                                                                     [2m@typescript-eslint/no-unnecessary-condition[22m[0m
[0m   [2m50:18[22m  [31merror[39m  Unexpected object value in conditional. The condition is always true                                                                                                [2m@typescript-eslint/strict-boolean-expressions[22m[0m
[0m   [2m79:15[22m  [31merror[39m  Unsafe assignment of an `any` value                                                                                                                                 [2m@typescript-eslint/no-unsafe-assignment[22m[0m
[0m   [2m80:25[22m  [31merror[39m  Unexpected any value in conditional. An explicit comparison or type conversion is required                                                                          [2m@typescript-eslint/strict-boolean-expressions[22m[0m
[0m   [2m80:35[22m  [31merror[39m  Unsafe member access .error on an `any` value                                                                                                                       [2m@typescript-eslint/no-unsafe-member-access[22m[0m
[0m   [2m83:13[22m  [31merror[39m  Unsafe assignment of an `any` value                                                                                                                                 [2m@typescript-eslint/no-unsafe-assignment[22m[0m
[0m   [2m97:5[22m   [31merror[39m  Promises must be awaited, end with a call to .catch, end with a call to .then with a rejection handler or be explicitly marked as ignored with the `void` operator  [2m@typescript-eslint/no-floating-promises[22m[0m
[0m  [2m108:7[22m   [31merror[39m  Unnecessary conditional, value is always falsy                                                                                                                      [2m@typescript-eslint/no-unnecessary-condition[22m[0m
[0m  [2m108:8[22m   [31merror[39m  Unexpected object value in conditional. The condition is always true                                                                                                [2m@typescript-eslint/strict-boolean-expressions[22m[0m
[0m[0m
[0m[4m/Users/devang/Documents/local_rabbit/packages/client/src/components/BranchSelector/BranchSelector.jsx[24m[0m
[0m  [2m0:0[22m  [31merror[39m  Parsing error: "parserOptions.project" has been provided for @typescript-eslint/parser.[0m
[0mThe file was not found in any of the provided project(s): src/components/BranchSelector/BranchSelector.jsx[0m
[0m[0m
[0m[4m/Users/devang/Documents/local_rabbit/packages/client/src/components/BranchSelector/BranchSelector.tsx[24m[0m
[0m   [2m0:1[22m   [31merror[39m  This rule requires the `strictNullChecks` compiler option to be turned on to function correctly  [2m@typescript-eslint/strict-boolean-expressions[22m[0m
[0m   [2m0:1[22m   [31merror[39m  This rule requires the `strictNullChecks` compiler option to be turned on to function correctly  [2m@typescript-eslint/no-unnecessary-condition[22m[0m
[0m   [2m0:1[22m   [31merror[39m  This rule requires the `strictNullChecks` compiler option to be turned on to function correctly  [2m@typescript-eslint/prefer-nullish-coalescing[22m[0m
[0m  [2m19:24[22m  [31merror[39m  'branch' is defined but never used                                                               [2mno-unused-vars[22m[0m
[0m  [2m20:22[22m  [31merror[39m  'branch' is defined but never used                                                               [2mno-unused-vars[22m[0m
[0m  [2m32:69[22m  [31merror[39m  Missing return type on function                                                                  [2m@typescript-eslint/explicit-function-return-type[22m[0m
[0m  [2m36:67[22m  [31merror[39m  Missing return type on function                                                                  [2m@typescript-eslint/explicit-function-return-type[22m[0m
[0m[0m
[0m[4m/Users/devang/Documents/local_rabbit/packages/client/src/components/CommentsPanel/CommentsPanel.jsx[24m[0m
[0m  [2m0:0[22m  [31merror[39m  Parsing error: "parserOptions.project" has been provided for @typescript-eslint/parser.[0m
[0mThe file was not found in any of the provided project(s): src/components/CommentsPanel/CommentsPanel.jsx[0m
[0m[0m
[0m[4m/Users/devang/Documents/local_rabbit/packages/client/src/components/CommentsPanel/CommentsPanel.tsx[24m[0m
[0m  [2m139:43[22m  [31merror[39m  Parsing error: '}' expected[0m
[0m[0m
[0m[4m/Users/devang/Documents/local_rabbit/packages/client/src/components/Contact/Contact.jsx[24m[0m
[0m   [2m0:1[22m   [31merror[39m  This rule requires the `strictNullChecks` compiler option to be turned on to function correctly  [2m@typescript-eslint/strict-boolean-expressions[22m[0m
[0m   [2m0:1[22m   [31merror[39m  This rule requires the `strictNullChecks` compiler option to be turned on to function correctly  [2m@typescript-eslint/no-unnecessary-condition[22m[0m
[0m   [2m0:1[22m   [31merror[39m  This rule requires the `strictNullChecks` compiler option to be turned on to function correctly  [2m@typescript-eslint/prefer-nullish-coalescing[22m[0m
[0m   [2m2:11[22m  [31merror[39m  'console' is already defined                                                                     [2mno-redeclare[22m[0m
[0m   [2m3:11[22m  [31merror[39m  'console' is already defined                                                                     [2mno-redeclare[22m[0m
[0m  [2m21:20[22m  [31merror[39m  Missing return type on function                                                                  [2m@typescript-eslint/explicit-function-return-type[22m[0m
[0m  [2m29:28[22m  [31merror[39m  Missing return type on function                                                                  [2m@typescript-eslint/explicit-function-return-type[22m[0m
[0m  [2m30:11[22m  [31merror[39m  Unsafe assignment of an `any` value                                                              [2m@typescript-eslint/no-unsafe-assignment[22m[0m
[0m  [2m30:31[22m  [31merror[39m  Unsafe member access .target on an `any` value                                                   [2m@typescript-eslint/no-unsafe-member-access[22m[0m
[0m  [2m33:7[22m   [31merror[39m  Unsafe assignment of an `any` value                                                              [2m@typescript-eslint/no-unsafe-assignment[22m[0m
[0m  [2m37:28[22m  [31merror[39m  Missing return type on function                                                                  [2m@typescript-eslint/explicit-function-return-type[22m[0m
[0m  [2m38:5[22m   [31merror[39m  Unsafe call of a(n) `any` typed value                                                            [2m@typescript-eslint/no-unsafe-call[22m[0m
[0m  [2m38:7[22m   [31merror[39m  Unsafe member access .preventDefault on an `any` value                                           [2m@typescript-eslint/no-unsafe-member-access[22m[0m
[0m[0m
[0m[4m/Users/devang/Documents/local_rabbit/packages/client/src/components/DiffSearch/DiffSearch.tsx[24m[0m
[0m  [2m86:73[22m  [31merror[39m  Parsing error: ')' expected[0m
[0m[0m
[0m[4m/Users/devang/Documents/local_rabbit/packages/client/src/components/DiffViewer/DiffViewer.tsx[24m[0m
[0m  [2m292:42[22m  [31merror[39m  Parsing error: ',' expected[0m
[0m[0m
[0m[4m/Users/devang/Documents/local_rabbit/packages/client/src/components/DiffViewer/DiffViewerContainer.jsx[24m[0m
[0m  [2m51:44[22m  [31merror[39m  Parsing error: ',' expected[0m
[0m[0m
[0m[4m/Users/devang/Documents/local_rabbit/packages/client/src/components/Documentation/Documentation.jsx[24m[0m
[0m  [2m47:19[22m  [31merror[39m  Parsing error: ';' expected[0m
[0m[0m
[0m[4m/Users/devang/Documents/local_rabbit/packages/client/src/components/ErrorBoundary/ErrorBoundary.jsx[24m[0m
[0m  [2m9:4[22m  [31merror[39m  Parsing error: Unexpected token. A constructor, method, accessor, or property was expected[0m
[0m[0m
[0m[4m/Users/devang/Documents/local_rabbit/packages/client/src/components/FeatureDemo.ssr/FeatureDemo.ssr.jsx[24m[0m
[0m  [2m5:38[22m  [31merror[39m  Parsing error: ',' expected[0m
[0m[0m
[0m[4m/Users/devang/Documents/local_rabbit/packages/client/src/components/FeatureDemo/FeatureDemo.tsx[24m[0m
[0m  [2m9:18[22m  [31merror[39m  Parsing error: Expression expected[0m
[0m[0m
[0m[4m/Users/devang/Documents/local_rabbit/packages/client/src/components/FeatureDemo/index.ts[24m[0m
[0m  [2m0:1[22m  [31merror[39m  This rule requires the `strictNullChecks` compiler option to be turned on to function correctly  [2m@typescript-eslint/strict-boolean-expressions[22m[0m
[0m  [2m0:1[22m  [31merror[39m  This rule requires the `strictNullChecks` compiler option to be turned on to function correctly  [2m@typescript-eslint/no-unnecessary-condition[22m[0m
[0m  [2m0:1[22m  [31merror[39m  This rule requires the `strictNullChecks` compiler option to be turned on to function correctly  [2m@typescript-eslint/prefer-nullish-coalescing[22m[0m
[0m[0m
[0m[4m/Users/devang/Documents/local_rabbit/packages/client/src/components/FilterPanel/FilterPanel.jsx[24m[0m
[0m  [2m21:34[22m  [31merror[39m  Parsing error: ')' expected[0m
[0m[0m
[0m[4m/Users/devang/Documents/local_rabbit/packages/client/src/components/Hero/Hero.jsx[24m[0m
[0m  [2m149:30[22m  [31merror[39m  Parsing error: '}' expected[0m
[0m[0m
[0m[4m/Users/devang/Documents/local_rabbit/packages/client/src/components/ImpactView/ImpactView.jsx[24m[0m
[0m  [2m63:37[22m  [31merror[39m  Parsing error: ',' expected[0m
[0m[0m
[0m[4m/Users/devang/Documents/local_rabbit/packages/client/src/components/Layout/MainLayout.jsx[24m[0m
[0m  [2m63:13[22m  [31merror[39m  Parsing error: ';' expected[0m
[0m[0m
[0m[4m/Users/devang/Documents/local_rabbit/packages/client/src/components/LoadingIndicator/LoadingIndicator.jsx[24m[0m
[0m  [2m3:54[22m  [31merror[39m  Parsing error: ',' expected[0m
[0m[0m
[0m[4m/Users/devang/Documents/local_rabbit/packages/client/src/components/Products/Products.jsx[24m[0m
[0m  [2m55:31[22m  [31merror[39m  Parsing error: '}' expected[0m
[0m[0m
[0m[4m/Users/devang/Documents/local_rabbit/packages/client/src/components/ProjectSelector/ProjectSelector.jsx[24m[0m
[0m  [2m20:49[22m  [31merror[39m  Parsing error: ',' expected[0m
[0m[0m
[0m[4m/Users/devang/Documents/local_rabbit/packages/client/src/components/QualityCheck/QualityCheck.jsx[24m[0m
[0m  [2m47:26[22m  [31merror[39m  Parsing error: '}' expected[0m
[0m[0m
[0m[4m/Users/devang/Documents/local_rabbit/packages/client/src/components/QualityView/QualityView.jsx[24m[0m
[0m  [2m3:21[22m  [31merror[39m  Parsing error: Expression expected[0m
[0m[0m
[0m[4m/Users/devang/Documents/local_rabbit/packages/client/src/components/RecoveryOptions/RecoveryOptions.jsx[24m[0m
[0m  [2m10:55[22m  [31merror[39m  Parsing error: ',' expected[0m
[0m[0m
[0m[4m/Users/devang/Documents/local_rabbit/packages/client/src/components/RepoSelector/RepoSelector.jsx[24m[0m
[0m  [2m8:43[22m  [31merror[39m  Parsing error: ',' expected[0m
[0m[0m
[0m[4m/Users/devang/Documents/local_rabbit/packages/client/src/components/ReviewPanel/ReviewPanel.jsx[24m[0m
[0m  [2m12:53[22m  [31merror[39m  Parsing error: ',' expected[0m
[0m[0m
[0m[4m/Users/devang/Documents/local_rabbit/packages/client/src/components/Terminal/TerminalPreview.jsx[24m[0m
[0m  [2m27:43[22m  [31merror[39m  Parsing error: ',' expected[0m
[0m[0m
[0m[4m/Users/devang/Documents/local_rabbit/packages/client/src/components/ThemeSelector/ThemeSelector.jsx[24m[0m
[0m  [2m13:34[22m  [31merror[39m  Parsing error: ',' expected[0m
[0m[0m
[0m[4m/Users/devang/Documents/local_rabbit/packages/client/src/components/ThemeToggle/ThemeToggle.jsx[24m[0m
[0m  [2m5:37[22m  [31merror[39m  Parsing error: ',' expected[0m
[0m[0m
[0m[4m/Users/devang/Documents/local_rabbit/packages/client/src/config.js[24m[0m
[0m  [2m2:32[22m  [31merror[39m  Parsing error: Identifier expected[0m
[0m[0m
[0m[4m/Users/devang/Documents/local_rabbit/packages/client/src/config/index.js[24m[0m
[0m  [2m0:1[22m   [31merror[39m  This rule requires the `strictNullChecks` compiler option to be turned on to function correctly  [2m@typescript-eslint/strict-boolean-expressions[22m[0m
[0m  [2m0:1[22m   [31merror[39m  This rule requires the `strictNullChecks` compiler option to be turned on to function correctly  [2m@typescript-eslint/no-unnecessary-condition[22m[0m
[0m  [2m0:1[22m   [31merror[39m  This rule requires the `strictNullChecks` compiler option to be turned on to function correctly  [2m@typescript-eslint/prefer-nullish-coalescing[22m[0m
[0m  [2m1:39[22m  [31merror[39m  Missing return type on function                                                                  [2m@typescript-eslint/explicit-function-return-type[22m[0m
[0m  [2m2:3[22m   [31merror[39m  Unsafe return of a value of type `any`                                                           [2m@typescript-eslint/no-unsafe-return[22m[0m
[0m  [2m2:26[22m  [31merror[39m  Computed name [key] resolves to an `any` value                                                   [2m@typescript-eslint/no-unsafe-member-access[22m[0m
[0m  [2m7:3[22m   [31merror[39m  Unsafe assignment of an `any` value                                                              [2m@typescript-eslint/no-unsafe-assignment[22m[0m
[0m  [2m8:3[22m   [31merror[39m  Unsafe assignment of an `any` value                                                              [2m@typescript-eslint/no-unsafe-assignment[22m[0m
[0m[0m
[0m[4m/Users/devang/Documents/local_rabbit/packages/client/src/contexts/ThemeContext.jsx[24m[0m
[0m  [2m14:43[22m  [31merror[39m  Parsing error: ',' expected[0m
[0m[0m
[0m[4m/Users/devang/Documents/local_rabbit/packages/client/src/core/application/config.js[24m[0m
[0m  [2m14:25[22m  [31merror[39m  Parsing error: Identifier expected[0m
[0m[0m
[0m[4m/Users/devang/Documents/local_rabbit/packages/client/src/core/application/useCases/ai/AnalyzeDiffWithAIUseCase.js[24m[0m
[0m  [2m10:6[22m  [31merror[39m  Parsing error: Unexpected token. A constructor, method, accessor, or property was expected[0m
[0m[0m
[0m[4m/Users/devang/Documents/local_rabbit/packages/client/src/core/application/useCases/diff/AnalyzeDiffUseCase.js[24m[0m
[0m  [2m8:6[22m  [31merror[39m  Parsing error: Unexpected token. A constructor, method, accessor, or property was expected[0m
[0m[0m
[0m[4m/Users/devang/Documents/local_rabbit/packages/client/src/core/application/useCases/diff/GetDiffUseCase.js[24m[0m
[0m  [2m8:6[22m  [31merror[39m  Parsing error: Unexpected token. A constructor, method, accessor, or property was expected[0m
[0m[0m
[0m[4m/Users/devang/Documents/local_rabbit/packages/client/src/core/application/useCases/repository/GetBranchesUseCase.js[24m[0m
[0m  [2m8:6[22m  [31merror[39m  Parsing error: Unexpected token. A constructor, method, accessor, or property was expected[0m
[0m[0m
[0m[4m/Users/devang/Documents/local_rabbit/packages/client/src/core/application/useCases/repository/GetRepositoriesUseCase.js[24m[0m
[0m  [2m8:6[22m  [31merror[39m  Parsing error: Unexpected token. A constructor, method, accessor, or property was expected[0m
[0m[0m
[0m[4m/Users/devang/Documents/local_rabbit/packages/client/src/core/application/useCases/repository/SetCurrentRepositoryUseCase.js[24m[0m
[0m  [2m8:6[22m  [31merror[39m  Parsing error: Unexpected token. A constructor, method, accessor, or property was expected[0m
[0m[0m
[0m[4m/Users/devang/Documents/local_rabbit/packages/client/src/core/domain/entities/Diff.js[24m[0m
[0m  [2m13:6[22m  [31merror[39m  Parsing error: Unexpected token. A constructor, method, accessor, or property was expected[0m
[0m[0m
[0m[4m/Users/devang/Documents/local_rabbit/packages/client/src/core/domain/entities/Repository.js[24m[0m
[0m  [2m15:6[22m  [31merror[39m  Parsing error: Unexpected token. A constructor, method, accessor, or property was expected[0m
[0m[0m
[0m[4m/Users/devang/Documents/local_rabbit/packages/client/src/core/domain/repositories/DiffRepository.js[24m[0m
[0m  [2m10:6[22m  [31merror[39m  Parsing error: Unexpected token. A constructor, method, accessor, or property was expected[0m
[0m[0m
[0m[4m/Users/devang/Documents/local_rabbit/packages/client/src/core/domain/repositories/RepositoryRepository.js[24m[0m
[0m  [2m10:6[22m  [31merror[39m  Parsing error: Unexpected token. A constructor, method, accessor, or property was expected[0m
[0m[0m
[0m[4m/Users/devang/Documents/local_rabbit/packages/client/src/entry-server.tsx[24m[0m
[0m  [2m6:9[22m  [31merror[39m  Parsing error: Identifier expected. 'void' is a reserved word that cannot be used here[0m
[0m[0m
[0m[4m/Users/devang/Documents/local_rabbit/packages/client/src/hooks/useWorker.ts[24m[0m
[0m  [2m8:47[22m  [31merror[39m  Parsing error: ',' expected[0m
[0m[0m
[0m[4m/Users/devang/Documents/local_rabbit/packages/client/src/index.js[24m[0m
[0m  [2m9:32[22m  [31merror[39m  Parsing error: ',' expected[0m
[0m[0m
[0m[4m/Users/devang/Documents/local_rabbit/packages/client/src/index.jsx[24m[0m
[0m  [2m0:0[22m  [31merror[39m  Parsing error: "parserOptions.project" has been provided for @typescript-eslint/parser.[0m
[0mThe file was not found in any of the provided project(s): src/index.jsx[0m
[0m[0m
[0m[4m/Users/devang/Documents/local_rabbit/packages/client/src/infrastructure/api/apiClient.js[24m[0m
[0m  [2m15:19[22m  [31merror[39m  Parsing error: ';' expected[0m
[0m[0m
[0m[4m/Users/devang/Documents/local_rabbit/packages/client/src/infrastructure/api/services/CodeReviewApiService.js[24m[0m
[0m  [2m16:6[22m  [31merror[39m  Parsing error: Unexpected token. A constructor, method, accessor, or property was expected[0m
[0m[0m
[0m[4m/Users/devang/Documents/local_rabbit/packages/client/src/infrastructure/api/services/DiffApiService.js[24m[0m
[0m  [2m18:6[22m  [31merror[39m  Parsing error: Unexpected token. A constructor, method, accessor, or property was expected[0m
[0m[0m
[0m[4m/Users/devang/Documents/local_rabbit/packages/client/src/infrastructure/di/container.js[24m[0m
[0m  [2m30:6[22m  [31merror[39m  Parsing error: Unexpected token. A constructor, method, accessor, or property was expected[0m
[0m[0m
[0m[4m/Users/devang/Documents/local_rabbit/packages/client/src/infrastructure/query/queryClient.js[24m[0m
[0m  [2m13:31[22m  [31merror[39m  Parsing error: Expression expected[0m
[0m[0m
[0m[4m/Users/devang/Documents/local_rabbit/packages/client/src/infrastructure/repositories/ApiDiffRepository.js[24m[0m
[0m  [2m19:6[22m  [31merror[39m  Parsing error: Unexpected token. A constructor, method, accessor, or property was expected[0m
[0m[0m
[0m[4m/Users/devang/Documents/local_rabbit/packages/client/src/infrastructure/repositories/ApiRepositoryRepository.js[24m[0m
[0m  [2m16:6[22m  [31merror[39m  Parsing error: Unexpected token. A constructor, method, accessor, or property was expected[0m
[0m[0m
[0m[4m/Users/devang/Documents/local_rabbit/packages/client/src/infrastructure/services/GeminiService.js[24m[0m
[0m  [2m13:6[22m  [31merror[39m  Parsing error: Unexpected token. A constructor, method, accessor, or property was expected[0m
[0m[0m
[0m[4m/Users/devang/Documents/local_rabbit/packages/client/src/main.js[24m[0m
[0m  [2m0:0[22m  [31merror[39m  Parsing error: "parserOptions.project" has been provided for @typescript-eslint/parser.[0m
[0mThe file was not found in any of the provided project(s): src/main.js[0m
[0m[0m
[0m[4m/Users/devang/Documents/local_rabbit/packages/client/src/main.jsx[24m[0m
[0m  [2m0:0[22m  [31merror[39m  Parsing error: "parserOptions.project" has been provided for @typescript-eslint/parser.[0m
[0mThe file was not found in any of the provided project(s): src/main.jsx[0m
[0m[0m
[0m[4m/Users/devang/Documents/local_rabbit/packages/client/src/main.tsx[24m[0m
[0m  [2m15:28[22m  [31merror[39m  Parsing error: ',' expected[0m
[0m[0m
[0m[4m/Users/devang/Documents/local_rabbit/packages/client/src/modes/CodeReviewer.jsx[24m[0m
[0m  [2m3:22[22m  [31merror[39m  Parsing error: Expression expected[0m
[0m[0m
[0m[4m/Users/devang/Documents/local_rabbit/packages/client/src/modes/ImpactAnalyzer.jsx[24m[0m
[0m  [2m3:24[22m  [31merror[39m  Parsing error: Expression expected[0m
[0m[0m
[0m[4m/Users/devang/Documents/local_rabbit/packages/client/src/modes/QualityAnalyzer.jsx[24m[0m
[0m  [2m3:25[22m  [31merror[39m  Parsing error: Expression expected[0m
[0m[0m
[0m[4m/Users/devang/Documents/local_rabbit/packages/client/src/pages/Home.tsx[24m[0m
[0m  [2m3:24[22m  [31merror[39m  Parsing error: '(' expected[0m
[0m[0m
[0m[4m/Users/devang/Documents/local_rabbit/packages/client/src/presentation/components/ai/AIAnalyzer.jsx[24m[0m
[0m  [2m12:45[22m  [31merror[39m  Parsing error: ',' expected[0m
[0m[0m
[0m[4m/Users/devang/Documents/local_rabbit/packages/client/src/presentation/components/common/Toast.jsx[24m[0m
[0m  [2m14:47[22m  [31merror[39m  Parsing error: ',' expected[0m
[0m[0m
[0m[4m/Users/devang/Documents/local_rabbit/packages/client/src/presentation/components/common/ToastContainer.jsx[24m[0m
[0m  [2m10:49[22m  [31merror[39m  Parsing error: ',' expected[0m
[0m[0m
[0m[4m/Users/devang/Documents/local_rabbit/packages/client/src/presentation/components/diff/DiffAnalyzer.jsx[24m[0m
[0m  [2m19:21[22m  [31merror[39m  Parsing error: ',' expected[0m
[0m[0m
[0m[4m/Users/devang/Documents/local_rabbit/packages/client/src/presentation/components/diff/DiffViewer.jsx[24m[0m
[0m  [2m16:51[22m  [31merror[39m  Parsing error: ',' expected[0m
[0m[0m
[0m[4m/Users/devang/Documents/local_rabbit/packages/client/src/presentation/components/layout/Header.jsx[24m[0m
[0m  [2m16:53[22m  [31merror[39m  Parsing error: ',' expected[0m
[0m[0m
[0m[4m/Users/devang/Documents/local_rabbit/packages/client/src/presentation/components/repository/BranchSelector.jsx[24m[0m
[0m  [2m12:53[22m  [31merror[39m  Parsing error: ',' expected[0m
[0m[0m
[0m[4m/Users/devang/Documents/local_rabbit/packages/client/src/presentation/components/repository/RepositorySelector.jsx[24m[0m
[0m  [2m11:45[22m  [31merror[39m  Parsing error: ',' expected[0m
[0m[0m
[0m[4m/Users/devang/Documents/local_rabbit/packages/client/src/presentation/contexts/AppContext.jsx[24m[0m
[0m  [2m5:30[22m  [31merror[39m  Parsing error: ',' expected[0m
[0m[0m
[0m[4m/Users/devang/Documents/local_rabbit/packages/client/src/presentation/contexts/ToastContext.jsx[24m[0m
[0m  [2m4:32[22m  [31merror[39m  Parsing error: ',' expected[0m
[0m[0m
[0m[4m/Users/devang/Documents/local_rabbit/packages/client/src/presentation/hooks/useBranches.js[24m[0m
[0m  [2m10:30[22m  [31merror[39m  Parsing error: Expression expected[0m
[0m[0m
[0m[4m/Users/devang/Documents/local_rabbit/packages/client/src/presentation/hooks/useDiff.js[24m[0m
[0m  [2m11:27[22m  [31merror[39m  Parsing error: Expression expected[0m
[0m[0m
[0m[4m/Users/devang/Documents/local_rabbit/packages/client/src/presentation/hooks/useRepositories.js[24m[0m
[0m  [2m9:30[22m  [31merror[39m  Parsing error: Expression expected[0m
[0m[0m
[0m[4m/Users/devang/Documents/local_rabbit/packages/client/src/presentation/pages/DiffPage.jsx[24m[0m
[0m  [2m14:50[22m  [31merror[39m  Parsing error: ',' expected[0m
[0m[0m
[0m[4m/Users/devang/Documents/local_rabbit/packages/client/src/reportWebVitals.js[24m[0m
[0m  [2m1:36[22m  [31merror[39m  Parsing error: ',' expected[0m
[0m[0m
[0m[4m/Users/devang/Documents/local_rabbit/packages/client/src/services/StateManager.js[24m[0m
[0m  [2m10:6[22m  [31merror[39m  Parsing error: Unexpected token. A constructor, method, accessor, or property was expected[0m
[0m[0m
[0m[4m/Users/devang/Documents/local_rabbit/packages/client/src/store/index.js[24m[0m
[0m   [2m0:1[22m   [31merror[39m  This rule requires the `strictNullChecks` compiler option to be turned on to function correctly  [2m@typescript-eslint/strict-boolean-expressions[22m[0m
[0m   [2m0:1[22m   [31merror[39m  This rule requires the `strictNullChecks` compiler option to be turned on to function correctly  [2m@typescript-eslint/no-unnecessary-condition[22m[0m
[0m   [2m0:1[22m   [31merror[39m  This rule requires the `strictNullChecks` compiler option to be turned on to function correctly  [2m@typescript-eslint/prefer-nullish-coalescing[22m[0m
[0m   [2m8:7[22m   [31merror[39m  Unsafe assignment of an error typed value                                                        [2m@typescript-eslint/no-unsafe-assignment[22m[0m
[0m  [2m12:7[22m   [31merror[39m  Unsafe assignment of an `any` value                                                              [2m@typescript-eslint/no-unsafe-assignment[22m[0m
[0m  [2m12:60[22m  [31merror[39m  'args' is defined but never used                                                                 [2mno-unused-vars[22m[0m
[0m  [2m12:66[22m  [31merror[39m  Unexpected any. Specify a different type                                                         [2m@typescript-eslint/no-explicit-any[22m[0m
[0m  [2m12:76[22m  [31merror[39m  Unexpected any. Specify a different type                                                         [2m@typescript-eslint/no-explicit-any[22m[0m
[0m  [2m15:7[22m   [31merror[39m  Unsafe assignment of an `any` value                                                              [2m@typescript-eslint/no-unsafe-assignment[22m[0m
[0m  [2m24:14[22m  [31merror[39m  Unsafe assignment of an `any` value                                                              [2m@typescript-eslint/no-unsafe-assignment[22m[0m
[0m  [2m24:58[22m  [31merror[39m  'args' is defined but never used                                                                 [2mno-unused-vars[22m[0m
[0m  [2m24:64[22m  [31merror[39m  Unexpected any. Specify a different type                                                         [2m@typescript-eslint/no-explicit-any[22m[0m
[0m  [2m24:74[22m  [31merror[39m  Unexpected any. Specify a different type                                                         [2m@typescript-eslint/no-explicit-any[22m[0m
[0m[0m
[0m[4m/Users/devang/Documents/local_rabbit/packages/client/src/store/reducers/diffViewReducer.js[24m[0m
[0m   [2m0:1[22m  [31merror[39m  This rule requires the `strictNullChecks` compiler option to be turned on to function correctly  [2m@typescript-eslint/strict-boolean-expressions[22m[0m
[0m   [2m0:1[22m  [31merror[39m  This rule requires the `strictNullChecks` compiler option to be turned on to function correctly  [2m@typescript-eslint/no-unnecessary-condition[22m[0m
[0m   [2m0:1[22m  [31merror[39m  This rule requires the `strictNullChecks` compiler option to be turned on to function correctly  [2m@typescript-eslint/prefer-nullish-coalescing[22m[0m
[0m  [2m12:7[22m  [31merror[39m  Unsafe assignment of an `any` value                                                              [2m@typescript-eslint/no-unsafe-assignment[22m[0m
[0m  [2m15:7[22m  [31merror[39m  Unsafe assignment of an `any` value                                                              [2m@typescript-eslint/no-unsafe-assignment[22m[0m
[0m  [2m18:7[22m  [31merror[39m  Unsafe assignment of an `any` value                                                              [2m@typescript-eslint/no-unsafe-assignment[22m[0m
[0m[0m
[0m[4m/Users/devang/Documents/local_rabbit/packages/client/src/store/reducers/index.js[24m[0m
[0m  [2m0:1[22m  [31merror[39m  This rule requires the `strictNullChecks` compiler option to be turned on to function correctly  [2m@typescript-eslint/strict-boolean-expressions[22m[0m
[0m  [2m0:1[22m  [31merror[39m  This rule requires the `strictNullChecks` compiler option to be turned on to function correctly  [2m@typescript-eslint/no-unnecessary-condition[22m[0m
[0m  [2m0:1[22m  [31merror[39m  This rule requires the `strictNullChecks` compiler option to be turned on to function correctly  [2m@typescript-eslint/prefer-nullish-coalescing[22m[0m
[0m  [2m6:3[22m  [31merror[39m  Unsafe assignment of an error typed value                                                        [2m@typescript-eslint/no-unsafe-assignment[22m[0m
[0m[0m
[0m[4m/Users/devang/Documents/local_rabbit/packages/client/src/store/themeSlice.js[24m[0m
[0m  [2m16:43[22m  [31merror[39m  Parsing error: ',' expected[0m
[0m[0m
[0m[4m/Users/devang/Documents/local_rabbit/packages/client/src/tests/App.test.jsx[24m[0m
[0m  [2m21:16[22m  [31merror[39m  Parsing error: ',' expected[0m
[0m[0m
[0m[4m/Users/devang/Documents/local_rabbit/packages/client/src/tests/components/BranchSelector.test.jsx[24m[0m
[0m  [2m5:11[22m  [31merror[39m  Parsing error: ';' expected[0m
[0m[0m
[0m[4m/Users/devang/Documents/local_rabbit/packages/client/src/tests/components/DiffViewer.test.jsx[24m[0m
[0m  [2m21:16[22m  [31merror[39m  Parsing error: ',' expected[0m
[0m[0m
[0m[4m/Users/devang/Documents/local_rabbit/packages/client/src/tests/components/ProjectSelector.test.jsx[24m[0m
[0m  [2m18:29[22m  [31merror[39m  Parsing error: ',' expected[0m
[0m[0m
[0m[4m/Users/devang/Documents/local_rabbit/packages/client/src/tests/components/ThemeSelector.test.jsx[24m[0m
[0m  [2m8:8[22m  [31merror[39m  Parsing error: ';' expected[0m
[0m[0m
[0m[4m/Users/devang/Documents/local_rabbit/packages/client/src/tests/hooks/useDiff.test.jsx[24m[0m
[0m  [2m8:11[22m  [31merror[39m  Parsing error: ';' expected[0m
[0m[0m
[0m[4m/Users/devang/Documents/local_rabbit/packages/client/src/tests/integration/app.test.jsx[24m[0m
[0m  [2m13:16[22m  [31merror[39m  Parsing error: ',' expected[0m
[0m[0m
[0m[4m/Users/devang/Documents/local_rabbit/packages/client/src/tests/mocks/DiffApiService.js[24m[0m
[0m  [2m2:6[22m  [31merror[39m  Parsing error: Unexpected token. A constructor, method, accessor, or property was expected[0m
[0m[0m
[0m[4m/Users/devang/Documents/local_rabbit/packages/client/src/tests/run-all-tests.js[24m[0m
[0m  [2m17:30[22m  [31merror[39m  Parsing error: ',' expected[0m
[0m[0m
[0m[4m/Users/devang/Documents/local_rabbit/packages/client/src/tests/services/StateManager.test.js[24m[0m
[0m  [2m14:20[22m  [31merror[39m  Parsing error: Expression expected[0m
[0m[0m
[0m[4m/Users/devang/Documents/local_rabbit/packages/client/src/tests/setup.js[24m[0m
[0m  [2m17:12[22m  [31merror[39m  Parsing error: ';' expected[0m
[0m[0m
[0m[4m/Users/devang/Documents/local_rabbit/packages/client/src/tests/store/themeSlice.test.js[24m[0m
[0m  [2m11:8[22m  [31merror[39m  Parsing error: ';' expected[0m
[0m[0m
[0m[4m/Users/devang/Documents/local_rabbit/packages/client/src/tests/unit/components/DiffViewer.test.jsx[24m[0m
[0m  [2m8:11[22m  [31merror[39m  Parsing error: ';' expected[0m
[0m[0m
[0m[4m/Users/devang/Documents/local_rabbit/packages/client/src/tests/utils/cache.test.js[24m[0m
[0m  [2m13:11[22m  [31merror[39m  Parsing error: ';' expected[0m
[0m[0m
[0m[4m/Users/devang/Documents/local_rabbit/packages/client/src/tests/utils/logger.test.js[24m[0m
[0m  [2m7:11[22m  [31merror[39m  Parsing error: ';' expected[0m
[0m[0m
[0m[4m/Users/devang/Documents/local_rabbit/packages/client/src/theme.ts[24m[0m
[0m  [2m0:1[22m  [31merror[39m  This rule requires the `strictNullChecks` compiler option to be turned on to function correctly  [2m@typescript-eslint/strict-boolean-expressions[22m[0m
[0m  [2m0:1[22m  [31merror[39m  This rule requires the `strictNullChecks` compiler option to be turned on to function correctly  [2m@typescript-eslint/no-unnecessary-condition[22m[0m
[0m  [2m0:1[22m  [31merror[39m  This rule requires the `strictNullChecks` compiler option to be turned on to function correctly  [2m@typescript-eslint/prefer-nullish-coalescing[22m[0m
[0m[0m
[0m[4m/Users/devang/Documents/local_rabbit/packages/client/src/theme/index.js[24m[0m
[0m  [2m0:1[22m  [31merror[39m  This rule requires the `strictNullChecks` compiler option to be turned on to function correctly  [2m@typescript-eslint/strict-boolean-expressions[22m[0m
[0m  [2m0:1[22m  [31merror[39m  This rule requires the `strictNullChecks` compiler option to be turned on to function correctly  [2m@typescript-eslint/no-unnecessary-condition[22m[0m
[0m  [2m0:1[22m  [31merror[39m  This rule requires the `strictNullChecks` compiler option to be turned on to function correctly  [2m@typescript-eslint/prefer-nullish-coalescing[22m[0m
[0m[0m
[0m[4m/Users/devang/Documents/local_rabbit/packages/client/src/theme/lunarTheme.js[24m[0m
[0m  [2m3:38[22m  [31merror[39m  Parsing error: ',' expected[0m
[0m[0m
[0m[4m/Users/devang/Documents/local_rabbit/packages/client/src/themes/index.js[24m[0m
[0m  [2m0:1[22m  [31merror[39m  This rule requires the `strictNullChecks` compiler option to be turned on to function correctly  [2m@typescript-eslint/strict-boolean-expressions[22m[0m
[0m  [2m0:1[22m  [31merror[39m  This rule requires the `strictNullChecks` compiler option to be turned on to function correctly  [2m@typescript-eslint/no-unnecessary-condition[22m[0m
[0m  [2m0:1[22m  [31merror[39m  This rule requires the `strictNullChecks` compiler option to be turned on to function correctly  [2m@typescript-eslint/prefer-nullish-coalescing[22m[0m
[0m[0m
[0m[4m/Users/devang/Documents/local_rabbit/packages/client/src/utils/cache.js[24m[0m
[0m  [2m13:6[22m  [31merror[39m  Parsing error: Unexpected token. A constructor, method, accessor, or property was expected[0m
[0m[0m
[0m[4m/Users/devang/Documents/local_rabbit/packages/client/src/utils/diffParser.js[24m[0m
[0m  [2m7:34[22m  [31merror[39m  Parsing error: ',' expected[0m
[0m[0m
[0m[4m/Users/devang/Documents/local_rabbit/packages/client/src/utils/logger.js[24m[0m
[0m  [2m15:13[22m  [31merror[39m  Parsing error: Unexpected keyword or identifier[0m
[0m[0m
[0m[4m/Users/devang/Documents/local_rabbit/packages/client/src/workers/calculator.worker.ts[24m[0m
[0m  [2m35:6[22m  [31merror[39m  Parsing error: Unexpected token. A constructor, method, accessor, or property was expected[0m
[0m[0m
[0m[31m[1m✖ 258 problems (258 errors, 0 warnings)[22m[39m[0m
[0m[31m[1m[22m[39m[0m