[0m[0m
[0m[4m/Users/devang/Documents/local_rabbit/packages/client/src/App.js[24m[0m
[0m  [2m0:0[22m  [31merror[39m  Parsing error: "parserOptions.project" has been provided for @typescript-eslint/parser.[0m
[0mThe file was not found in any of the provided project(s): src/App.js[0m
[0m[0m
[0m[4m/Users/devang/Documents/local_rabbit/packages/client/src/App.jsx[24m[0m
[0m  [2m0:0[22m  [31merror[39m  Parsing error: "parserOptions.project" has been provided for @typescript-eslint/parser.[0m
[0mThe file was not found in any of the provided project(s): src/App.jsx[0m
[0m[0m
[0m[4m/Users/devang/Documents/local_rabbit/packages/client/src/App.tsx[24m[0m
[0m  [2m12:24[22m  [31merror[39m  Parsing error: ',' expected[0m
[0m[0m
[0m[4m/Users/devang/Documents/local_rabbit/packages/client/src/components/AIAnalyzer.early.test/AIAnalyzer.early.test.jsx[24m[0m
[0m  [2m17:55[22m  [31merror[39m  Parsing error: ',' expected[0m
[0m[0m
[0m[4m/Users/devang/Documents/local_rabbit/packages/client/src/components/AIAnalyzer/AIAnalyzer.jsx[24m[0m
[0m  [2m50:33[22m  [31merror[39m  Parsing error: ',' expected[0m
[0m[0m
[0m[4m/Users/devang/Documents/local_rabbit/packages/client/src/components/About/About.jsx[24m[0m
[0m  [2m64:13[22m  [31merror[39m  Parsing error: '}' expected[0m
[0m[0m
[0m[4m/Users/devang/Documents/local_rabbit/packages/client/src/components/AnalysisReport/AnalysisReport.jsx[24m[0m
[0m  [2m19:44[22m  [31merror[39m  Parsing error: ',' expected[0m
[0m[0m
[0m[4m/Users/devang/Documents/local_rabbit/packages/client/src/components/BranchSelector/BranchSelector.jsx[24m[0m
[0m  [2m55:22[22m  [31merror[39m  Parsing error: '}' expected[0m
[0m[0m
[0m[4m/Users/devang/Documents/local_rabbit/packages/client/src/components/CommentsPanel/CommentsPanel.jsx[24m[0m
[0m  [2m23:33[22m  [31merror[39m  Parsing error: ',' expected[0m
[0m[0m
[0m[4m/Users/devang/Documents/local_rabbit/packages/client/src/components/Contact/Contact.jsx[24m[0m
[0m  [2m37:11[22m  [31merror[39m  Parsing error: ';' expected[0m
[0m[0m
[0m[4m/Users/devang/Documents/local_rabbit/packages/client/src/components/DiffSearch/DiffSearch.jsx[24m[0m
[0m  [2m58:71[22m  [31merror[39m  Parsing error: ')' expected[0m
[0m[0m
[0m[4m/Users/devang/Documents/local_rabbit/packages/client/src/components/DiffViewer/DiffViewer.jsx[24m[0m
[0m  [2m254:38[22m  [31merror[39m  Parsing error: ',' expected[0m
[0m[0m
[0m[4m/Users/devang/Documents/local_rabbit/packages/client/src/components/DiffViewer/DiffViewerContainer.jsx[24m[0m
[0m  [2m50:40[22m  [31merror[39m  Parsing error: ',' expected[0m
[0m[0m
[0m[4m/Users/devang/Documents/local_rabbit/packages/client/src/components/Documentation/Documentation.jsx[24m[0m
[0m  [2m44:15[22m  [31merror[39m  Parsing error: ';' expected[0m
[0m[0m
[0m[4m/Users/devang/Documents/local_rabbit/packages/client/src/components/ErrorBoundary/ErrorBoundary.jsx[24m[0m
[0m  [2m8:4[22m  [31merror[39m  Parsing error: Unexpected token. A constructor, method, accessor, or property was expected[0m
[0m[0m
[0m[4m/Users/devang/Documents/local_rabbit/packages/client/src/components/FeatureDemo.ssr/FeatureDemo.ssr.jsx[24m[0m
[0m  [2m5:38[22m  [31merror[39m  Parsing error: ',' expected[0m
[0m[0m
[0m[4m/Users/devang/Documents/local_rabbit/packages/client/src/components/FeatureDemo/FeatureDemo.tsx[24m[0m
[0m  [2m9:16[22m  [31merror[39m  Parsing error: Expression expected[0m
[0m[0m
[0m[4m/Users/devang/Documents/local_rabbit/packages/client/src/components/FilterPanel/FilterPanel.jsx[24m[0m
[0m  [2m20:30[22m  [31merror[39m  Parsing error: ')' expected[0m
[0m[0m
[0m[4m/Users/devang/Documents/local_rabbit/packages/client/src/components/Hero/Hero.jsx[24m[0m
[0m  [2m139:22[22m  [31merror[39m  Parsing error: '}' expected[0m
[0m[0m
[0m[4m/Users/devang/Documents/local_rabbit/packages/client/src/components/ImpactView/ImpactView.jsx[24m[0m
[0m  [2m56:33[22m  [31merror[39m  Parsing error: ',' expected[0m
[0m[0m
[0m[4m/Users/devang/Documents/local_rabbit/packages/client/src/components/Layout/MainLayout.jsx[24m[0m
[0m  [2m63:11[22m  [31merror[39m  Parsing error: ';' expected[0m
[0m[0m
[0m[4m/Users/devang/Documents/local_rabbit/packages/client/src/components/LoadingIndicator/LoadingIndicator.jsx[24m[0m
[0m  [2m3:55[22m  [31merror[39m  Missing return type on function  [2m@typescript-eslint/explicit-function-return-type[22m[0m
[0m[0m
[0m[4m/Users/devang/Documents/local_rabbit/packages/client/src/components/Products/Products.jsx[24m[0m
[0m  [2m54:25[22m  [31merror[39m  Parsing error: '}' expected[0m
[0m[0m
[0m[4m/Users/devang/Documents/local_rabbit/packages/client/src/components/ProjectSelector/ProjectSelector.jsx[24m[0m
[0m  [2m26:42[22m  [31merror[39m  Parsing error: ',' expected[0m
[0m[0m
[0m[4m/Users/devang/Documents/local_rabbit/packages/client/src/components/QualityCheck/QualityCheck.jsx[24m[0m
[0m  [2m76:33[22m  [31merror[39m  Parsing error: ',' expected[0m
[0m[0m
[0m[4m/Users/devang/Documents/local_rabbit/packages/client/src/components/QualityView/QualityView.jsx[24m[0m
[0m  [2m3:24[22m  [31merror[39m  Missing return type on function  [2m@typescript-eslint/explicit-function-return-type[22m[0m
[0m[0m
[0m[4m/Users/devang/Documents/local_rabbit/packages/client/src/components/RecoveryOptions/RecoveryOptions.jsx[24m[0m
[0m  [2m16:42[22m  [31merror[39m  Parsing error: ',' expected[0m
[0m[0m
[0m[4m/Users/devang/Documents/local_rabbit/packages/client/src/components/RepoSelector/RepoSelector.jsx[24m[0m
[0m  [2m16:33[22m  [31merror[39m  Parsing error: ',' expected[0m
[0m[0m
[0m[4m/Users/devang/Documents/local_rabbit/packages/client/src/components/ReviewPanel/ReviewPanel.jsx[24m[0m
[0m  [2m20:33[22m  [31merror[39m  Parsing error: ',' expected[0m
[0m[0m
[0m[4m/Users/devang/Documents/local_rabbit/packages/client/src/components/Terminal/TerminalPreview.jsx[24m[0m
[0m  [2m39:90[22m  [31merror[39m  Parsing error: ')' expected[0m
[0m[0m
[0m[4m/Users/devang/Documents/local_rabbit/packages/client/src/components/ThemeSelector/ThemeSelector.jsx[24m[0m
[0m  [2m16:17[22m  [31merror[39m  Parsing error: ';' expected[0m
[0m[0m
[0m[4m/Users/devang/Documents/local_rabbit/packages/client/src/components/ThemeToggle/ThemeToggle.jsx[24m[0m
[0m   [2m5:38[22m  [31merror[39m  Missing return type on function                                                             [2m@typescript-eslint/explicit-function-return-type[22m[0m
[0m   [2m6:27[22m  [31merror[39m  Unsafe call of a(n) `error` type typed value                                                [2m@typescript-eslint/no-unsafe-call[22m[0m
[0m   [2m9:34[22m  [31merror[39m  Missing return type on function                                                             [2m@typescript-eslint/explicit-function-return-type[22m[0m
[0m  [2m10:22[22m  [31merror[39m  Unexpected any value in conditional. An explicit comparison or type conversion is required  [2m@typescript-eslint/strict-boolean-expressions[22m[0m
[0m  [2m11:19[22m  [31merror[39m  Unsafe call of a(n) `error` type typed value                                                [2m@typescript-eslint/no-unsafe-call[22m[0m
[0m  [2m18:32[22m  [31merror[39m  Unexpected any value in conditional. An explicit comparison or type conversion is required  [2m@typescript-eslint/strict-boolean-expressions[22m[0m
[0m  [2m20:7[22m   [31merror[39m  Unexpected any value in conditional. An explicit comparison or type conversion is required  [2m@typescript-eslint/strict-boolean-expressions[22m[0m
[0m[0m
[0m[4m/Users/devang/Documents/local_rabbit/packages/client/src/config.js[24m[0m
[0m  [2m2:30[22m  [31merror[39m  Parsing error: Identifier expected[0m
[0m[0m
[0m[4m/Users/devang/Documents/local_rabbit/packages/client/src/config/index.js[24m[0m
[0m  [2m2:23[22m  [31merror[39m  Parsing error: Identifier expected[0m
[0m[0m
[0m[4m/Users/devang/Documents/local_rabbit/packages/client/src/contexts/ThemeContext.jsx[24m[0m
[0m  [2m11:41[22m  [31merror[39m  Parsing error: ',' expected[0m
[0m[0m
[0m[4m/Users/devang/Documents/local_rabbit/packages/client/src/core/application/config.js[24m[0m
[0m  [2m12:23[22m  [31merror[39m  Parsing error: Identifier expected[0m
[0m[0m
[0m[4m/Users/devang/Documents/local_rabbit/packages/client/src/core/application/useCases/ai/AnalyzeDiffWithAIUseCase.js[24m[0m
[0m  [2m10:4[22m  [31merror[39m  Parsing error: Unexpected token. A constructor, method, accessor, or property was expected[0m
[0m[0m
[0m[4m/Users/devang/Documents/local_rabbit/packages/client/src/core/application/useCases/diff/AnalyzeDiffUseCase.js[24m[0m
[0m  [2m8:4[22m  [31merror[39m  Parsing error: Unexpected token. A constructor, method, accessor, or property was expected[0m
[0m[0m
[0m[4m/Users/devang/Documents/local_rabbit/packages/client/src/core/application/useCases/diff/GetDiffUseCase.js[24m[0m
[0m  [2m8:4[22m  [31merror[39m  Parsing error: Unexpected token. A constructor, method, accessor, or property was expected[0m
[0m[0m
[0m[4m/Users/devang/Documents/local_rabbit/packages/client/src/core/application/useCases/repository/GetBranchesUseCase.js[24m[0m
[0m  [2m8:4[22m  [31merror[39m  Parsing error: Unexpected token. A constructor, method, accessor, or property was expected[0m
[0m[0m
[0m[4m/Users/devang/Documents/local_rabbit/packages/client/src/core/application/useCases/repository/GetRepositoriesUseCase.js[24m[0m
[0m  [2m8:4[22m  [31merror[39m  Parsing error: Unexpected token. A constructor, method, accessor, or property was expected[0m
[0m[0m
[0m[4m/Users/devang/Documents/local_rabbit/packages/client/src/core/application/useCases/repository/SetCurrentRepositoryUseCase.js[24m[0m
[0m  [2m8:4[22m  [31merror[39m  Parsing error: Unexpected token. A constructor, method, accessor, or property was expected[0m
[0m[0m
[0m[4m/Users/devang/Documents/local_rabbit/packages/client/src/core/domain/entities/Diff.js[24m[0m
[0m  [2m13:4[22m  [31merror[39m  Parsing error: Unexpected token. A constructor, method, accessor, or property was expected[0m
[0m[0m
[0m[4m/Users/devang/Documents/local_rabbit/packages/client/src/core/domain/entities/Repository.js[24m[0m
[0m  [2m15:4[22m  [31merror[39m  Parsing error: Unexpected token. A constructor, method, accessor, or property was expected[0m
[0m[0m
[0m[4m/Users/devang/Documents/local_rabbit/packages/client/src/core/domain/repositories/DiffRepository.js[24m[0m
[0m  [2m10:4[22m  [31merror[39m  Parsing error: Unexpected token. A constructor, method, accessor, or property was expected[0m
[0m[0m
[0m[4m/Users/devang/Documents/local_rabbit/packages/client/src/core/domain/repositories/RepositoryRepository.js[24m[0m
[0m  [2m10:4[22m  [31merror[39m  Parsing error: Unexpected token. A constructor, method, accessor, or property was expected[0m
[0m[0m
[0m[4m/Users/devang/Documents/local_rabbit/packages/client/src/entry-server.tsx[24m[0m
[0m  [2m6:9[22m  [31merror[39m  Parsing error: Identifier expected. 'void' is a reserved word that cannot be used here[0m
[0m[0m
[0m[4m/Users/devang/Documents/local_rabbit/packages/client/src/hooks/useWorker.ts[24m[0m
[0m  [2m25:29[22m  [31merror[39m  Parsing error: ';' expected[0m
[0m[0m
[0m[4m/Users/devang/Documents/local_rabbit/packages/client/src/index.js[24m[0m
[0m  [2m8:32[22m  [31merror[39m  Parsing error: ',' expected[0m
[0m[0m
[0m[4m/Users/devang/Documents/local_rabbit/packages/client/src/index.jsx[24m[0m
[0m  [2m0:0[22m  [31merror[39m  Parsing error: "parserOptions.project" has been provided for @typescript-eslint/parser.[0m
[0mThe file was not found in any of the provided project(s): src/index.jsx[0m
[0m[0m
[0m[4m/Users/devang/Documents/local_rabbit/packages/client/src/infrastructure/api/apiClient.js[24m[0m
[0m  [2m13:17[22m  [31merror[39m  Parsing error: ';' expected[0m
[0m[0m
[0m[4m/Users/devang/Documents/local_rabbit/packages/client/src/infrastructure/api/services/CodeReviewApiService.js[24m[0m
[0m  [2m14:4[22m  [31merror[39m  Parsing error: Unexpected token. A constructor, method, accessor, or property was expected[0m
[0m[0m
[0m[4m/Users/devang/Documents/local_rabbit/packages/client/src/infrastructure/api/services/DiffApiService.js[24m[0m
[0m  [2m17:4[22m  [31merror[39m  Parsing error: Unexpected token. A constructor, method, accessor, or property was expected[0m
[0m[0m
[0m[4m/Users/devang/Documents/local_rabbit/packages/client/src/infrastructure/di/container.js[24m[0m
[0m  [2m30:4[22m  [31merror[39m  Parsing error: Unexpected token. A constructor, method, accessor, or property was expected[0m
[0m[0m
[0m[4m/Users/devang/Documents/local_rabbit/packages/client/src/infrastructure/query/queryClient.js[24m[0m
[0m  [2m10:31[22m  [31merror[39m  Parsing error: Expression expected[0m
[0m[0m
[0m[4m/Users/devang/Documents/local_rabbit/packages/client/src/infrastructure/repositories/ApiDiffRepository.js[24m[0m
[0m  [2m18:4[22m  [31merror[39m  Parsing error: Unexpected token. A constructor, method, accessor, or property was expected[0m
[0m[0m
[0m[4m/Users/devang/Documents/local_rabbit/packages/client/src/infrastructure/repositories/ApiRepositoryRepository.js[24m[0m
[0m  [2m15:4[22m  [31merror[39m  Parsing error: Unexpected token. A constructor, method, accessor, or property was expected[0m
[0m[0m
[0m[4m/Users/devang/Documents/local_rabbit/packages/client/src/infrastructure/services/GeminiService.js[24m[0m
[0m  [2m11:4[22m  [31merror[39m  Parsing error: Unexpected token. A constructor, method, accessor, or property was expected[0m
[0m[0m
[0m[4m/Users/devang/Documents/local_rabbit/packages/client/src/main.js[24m[0m
[0m  [2m0:0[22m  [31merror[39m  Parsing error: "parserOptions.project" has been provided for @typescript-eslint/parser.[0m
[0mThe file was not found in any of the provided project(s): src/main.js[0m
[0m[0m
[0m[4m/Users/devang/Documents/local_rabbit/packages/client/src/main.jsx[24m[0m
[0m  [2m0:0[22m  [31merror[39m  Parsing error: "parserOptions.project" has been provided for @typescript-eslint/parser.[0m
[0mThe file was not found in any of the provided project(s): src/main.jsx[0m
[0m[0m
[0m[4m/Users/devang/Documents/local_rabbit/packages/client/src/main.tsx[24m[0m
[0m  [2m21:9[22m  [31merror[39m  Parsing error: ':' expected[0m
[0m[0m
[0m[4m/Users/devang/Documents/local_rabbit/packages/client/src/modes/CodeReviewer.jsx[24m[0m
[0m  [2m3:25[22m  [31merror[39m  Missing return type on function  [2m@typescript-eslint/explicit-function-return-type[22m[0m
[0m[0m
[0m[4m/Users/devang/Documents/local_rabbit/packages/client/src/modes/ImpactAnalyzer.jsx[24m[0m
[0m  [2m3:27[22m  [31merror[39m  Missing return type on function  [2m@typescript-eslint/explicit-function-return-type[22m[0m
[0m[0m
[0m[4m/Users/devang/Documents/local_rabbit/packages/client/src/modes/QualityAnalyzer.jsx[24m[0m
[0m  [2m3:28[22m  [31merror[39m  Missing return type on function  [2m@typescript-eslint/explicit-function-return-type[22m[0m
[0m[0m
[0m[4m/Users/devang/Documents/local_rabbit/packages/client/src/pages/Home.tsx[24m[0m
[0m  [2m3:24[22m  [31merror[39m  Parsing error: '(' expected[0m
[0m[0m
[0m[4m/Users/devang/Documents/local_rabbit/packages/client/src/presentation/components/ai/AIAnalyzer.jsx[24m[0m
[0m  [2m48:10[22m  [31merror[39m  Parsing error: ';' expected[0m
[0m[0m
[0m[4m/Users/devang/Documents/local_rabbit/packages/client/src/presentation/components/common/Toast.jsx[24m[0m
[0m  [2m77:18[22m  [31merror[39m  Parsing error: '}' expected[0m
[0m[0m
[0m[4m/Users/devang/Documents/local_rabbit/packages/client/src/presentation/components/common/ToastContainer.jsx[24m[0m
[0m  [2m52:18[22m  [31merror[39m  Parsing error: '}' expected[0m
[0m[0m
[0m[4m/Users/devang/Documents/local_rabbit/packages/client/src/presentation/components/diff/DiffAnalyzer.jsx[24m[0m
[0m  [2m49:12[22m  [31merror[39m  Parsing error: ';' expected[0m
[0m[0m
[0m[4m/Users/devang/Documents/local_rabbit/packages/client/src/presentation/components/diff/DiffViewer.jsx[24m[0m
[0m  [2m60:12[22m  [31merror[39m  Parsing error: ';' expected[0m
[0m[0m
[0m[4m/Users/devang/Documents/local_rabbit/packages/client/src/presentation/components/layout/Header.jsx[24m[0m
[0m  [2m17:41[22m  [31merror[39m  Parsing error: ',' expected[0m
[0m[0m
[0m[4m/Users/devang/Documents/local_rabbit/packages/client/src/presentation/components/repository/BranchSelector.jsx[24m[0m
[0m  [2m168:24[22m  [31merror[39m  Parsing error: '}' expected[0m
[0m[0m
[0m[4m/Users/devang/Documents/local_rabbit/packages/client/src/presentation/components/repository/RepositorySelector.jsx[24m[0m
[0m  [2m137:26[22m  [31merror[39m  Parsing error: '}' expected[0m
[0m[0m
[0m[4m/Users/devang/Documents/local_rabbit/packages/client/src/presentation/contexts/AppContext.jsx[24m[0m
[0m  [2m36:14[22m  [31merror[39m  Parsing error: Expression expected[0m
[0m[0m
[0m[4m/Users/devang/Documents/local_rabbit/packages/client/src/presentation/contexts/ToastContext.jsx[24m[0m
[0m  [2m21:25[22m  [31merror[39m  Parsing error: ',' expected[0m
[0m[0m
[0m[4m/Users/devang/Documents/local_rabbit/packages/client/src/presentation/hooks/useBranches.js[24m[0m
[0m  [2m9:30[22m  [31merror[39m  Parsing error: Expression expected[0m
[0m[0m
[0m[4m/Users/devang/Documents/local_rabbit/packages/client/src/presentation/hooks/useDiff.js[24m[0m
[0m  [2m10:27[22m  [31merror[39m  Parsing error: Expression expected[0m
[0m[0m
[0m[4m/Users/devang/Documents/local_rabbit/packages/client/src/presentation/hooks/useRepositories.js[24m[0m
[0m  [2m8:30[22m  [31merror[39m  Parsing error: Expression expected[0m
[0m[0m
[0m[4m/Users/devang/Documents/local_rabbit/packages/client/src/presentation/pages/DiffPage.jsx[24m[0m
[0m  [2m103:20[22m  [31merror[39m  Parsing error: Expression expected[0m
[0m[0m
[0m[4m/Users/devang/Documents/local_rabbit/packages/client/src/reportWebVitals.js[24m[0m
[0m  [2m1:37[22m  [31merror[39m  Missing return type on function                                                             [2m@typescript-eslint/explicit-function-return-type[22m[0m
[0m  [2m2:9[22m   [31merror[39m  Unexpected any value in conditional. An explicit comparison or type conversion is required  [2m@typescript-eslint/strict-boolean-expressions[22m[0m
[0m  [2m4:10[22m  [31merror[39m  Unsafe call of a(n) `any` typed value                                                       [2m@typescript-eslint/no-unsafe-call[22m[0m
[0m  [2m5:10[22m  [31merror[39m  Unsafe call of a(n) `any` typed value                                                       [2m@typescript-eslint/no-unsafe-call[22m[0m
[0m  [2m6:10[22m  [31merror[39m  Unsafe call of a(n) `any` typed value                                                       [2m@typescript-eslint/no-unsafe-call[22m[0m
[0m  [2m7:10[22m  [31merror[39m  Unsafe call of a(n) `any` typed value                                                       [2m@typescript-eslint/no-unsafe-call[22m[0m
[0m  [2m8:10[22m  [31merror[39m  Unsafe call of a(n) `any` typed value                                                       [2m@typescript-eslint/no-unsafe-call[22m[0m
[0m[0m
[0m[4m/Users/devang/Documents/local_rabbit/packages/client/src/services/StateManager.js[24m[0m
[0m  [2m9:4[22m  [31merror[39m  Parsing error: Unexpected token. A constructor, method, accessor, or property was expected[0m
[0m[0m
[0m[4m/Users/devang/Documents/local_rabbit/packages/client/src/store/index.js[24m[0m
[0m   [2m8:5[22m   [31merror[39m  Unsafe assignment of an error typed value     [2m@typescript-eslint/no-unsafe-assignment[22m[0m
[0m  [2m12:31[22m  [31merror[39m  Unsafe call of a(n) `error` type typed value  [2m@typescript-eslint/no-unsafe-call[22m[0m
[0m  [2m24:31[22m  [31merror[39m  Unsafe call of a(n) `error` type typed value  [2m@typescript-eslint/no-unsafe-call[22m[0m
[0m[0m
[0m[4m/Users/devang/Documents/local_rabbit/packages/client/src/store/reducers/diffViewReducer.js[24m[0m
[0m  [2m12:5[22m   [31merror[39m  Unsafe assignment of an `any` value        [2m@typescript-eslint/no-unsafe-assignment[22m[0m
[0m  [2m15:5[22m   [31merror[39m  Unsafe assignment of an `any` value        [2m@typescript-eslint/no-unsafe-assignment[22m[0m
[0m  [2m18:5[22m   [31merror[39m  Unsafe assignment of an `any` value        [2m@typescript-eslint/no-unsafe-assignment[22m[0m
[0m  [2m23:14[22m  [31merror[39m  Unsafe assignment of an error typed value  [2m@typescript-eslint/no-unsafe-assignment[22m[0m
[0m[0m
[0m[4m/Users/devang/Documents/local_rabbit/packages/client/src/store/reducers/index.js[24m[0m
[0m  [2m6:5[22m  [31merror[39m  Unsafe assignment of an error typed value  [2m@typescript-eslint/no-unsafe-assignment[22m[0m
[0m  [2m7:5[22m  [31merror[39m  Unsafe assignment of an error typed value  [2m@typescript-eslint/no-unsafe-assignment[22m[0m
[0m[0m
[0m[4m/Users/devang/Documents/local_rabbit/packages/client/src/store/themeSlice.js[24m[0m
[0m  [2m12:41[22m  [31merror[39m  Parsing error: ',' expected[0m
[0m[0m
[0m[4m/Users/devang/Documents/local_rabbit/packages/client/src/tests/App.test.jsx[24m[0m
[0m  [2m18:14[22m  [31merror[39m  Parsing error: ',' expected[0m
[0m[0m
[0m[4m/Users/devang/Documents/local_rabbit/packages/client/src/tests/components/BranchSelector.test.jsx[24m[0m
[0m  [2m7:33[22m  [31merror[39m  Parsing error: ',' expected[0m
[0m[0m
[0m[4m/Users/devang/Documents/local_rabbit/packages/client/src/tests/components/DiffViewer.test.jsx[24m[0m
[0m  [2m18:14[22m  [31merror[39m  Parsing error: ',' expected[0m
[0m[0m
[0m[4m/Users/devang/Documents/local_rabbit/packages/client/src/tests/components/ProjectSelector.test.jsx[24m[0m
[0m  [2m27:8[22m  [31merror[39m  Parsing error: ';' expected[0m
[0m[0m
[0m[4m/Users/devang/Documents/local_rabbit/packages/client/src/tests/components/ThemeSelector.test.jsx[24m[0m
[0m  [2m8:8[22m  [31merror[39m  Parsing error: ';' expected[0m
[0m[0m
[0m[4m/Users/devang/Documents/local_rabbit/packages/client/src/tests/hooks/useDiff.test.jsx[24m[0m
[0m  [2m11:28[22m  [31merror[39m  Parsing error: Expression expected[0m
[0m[0m
[0m[4m/Users/devang/Documents/local_rabbit/packages/client/src/tests/integration/app.test.jsx[24m[0m
[0m  [2m13:14[22m  [31merror[39m  Parsing error: ',' expected[0m
[0m[0m
[0m[4m/Users/devang/Documents/local_rabbit/packages/client/src/tests/mocks/DiffApiService.js[24m[0m
[0m  [2m2:4[22m  [31merror[39m  Parsing error: Unexpected token. A constructor, method, accessor, or property was expected[0m
[0m[0m
[0m[4m/Users/devang/Documents/local_rabbit/packages/client/src/tests/run-all-tests.js[24m[0m
[0m  [2m17:28[22m  [31merror[39m  Parsing error: ',' expected[0m
[0m[0m
[0m[4m/Users/devang/Documents/local_rabbit/packages/client/src/tests/services/StateManager.test.js[24m[0m
[0m  [2m11:18[22m  [31merror[39m  Parsing error: Expression expected[0m
[0m[0m
[0m[4m/Users/devang/Documents/local_rabbit/packages/client/src/tests/setup.js[24m[0m
[0m  [2m12:12[22m  [31merror[39m  Parsing error: ';' expected[0m
[0m[0m
[0m[4m/Users/devang/Documents/local_rabbit/packages/client/src/tests/store/themeSlice.test.js[24m[0m
[0m  [2m9:8[22m  [31merror[39m  Parsing error: ';' expected[0m
[0m[0m
[0m[4m/Users/devang/Documents/local_rabbit/packages/client/src/tests/unit/components/DiffViewer.test.jsx[24m[0m
[0m  [2m25:90[22m  [31merror[39m  Parsing error: ';' expected[0m
[0m[0m
[0m[4m/Users/devang/Documents/local_rabbit/packages/client/src/tests/utils/cache.test.js[24m[0m
[0m  [2m12:23[22m  [31merror[39m  Parsing error: ';' expected[0m
[0m[0m
[0m[4m/Users/devang/Documents/local_rabbit/packages/client/src/tests/utils/logger.test.js[24m[0m
[0m  [2m11:28[22m  [31merror[39m  Parsing error: ';' expected[0m
[0m[0m
[0m[4m/Users/devang/Documents/local_rabbit/packages/client/src/theme.ts[24m[0m
[0m  [2m17:6[22m  [31merror[39m  Parsing error: ',' expected[0m
[0m[0m
[0m[4m/Users/devang/Documents/local_rabbit/packages/client/src/theme/lunarTheme.js[24m[0m
[0m  [2m63:18[22m  [31merror[39m  Parsing error: ',' expected[0m
[0m[0m
[0m[4m/Users/devang/Documents/local_rabbit/packages/client/src/utils/cache.js[24m[0m
[0m  [2m9:4[22m  [31merror[39m  Parsing error: Unexpected token. A constructor, method, accessor, or property was expected[0m
[0m[0m
[0m[4m/Users/devang/Documents/local_rabbit/packages/client/src/utils/diffParser.js[24m[0m
[0m  [2m7:32[22m  [31merror[39m  Parsing error: ',' expected[0m
[0m[0m
[0m[4m/Users/devang/Documents/local_rabbit/packages/client/src/utils/logger.js[24m[0m
[0m  [2m14:11[22m  [31merror[39m  Parsing error: Unexpected keyword or identifier[0m
[0m[0m
[0m[4m/Users/devang/Documents/local_rabbit/packages/client/src/workers/calculator.worker.ts[24m[0m
[0m  [2m35:4[22m  [31merror[39m  Parsing error: Unexpected token. A constructor, method, accessor, or property was expected[0m
[0m[0m
[0m[31m[1m✖ 124 problems (124 errors, 0 warnings)[22m[39m[0m
[0m[31m[1m[22m[39m[0m