[3J[H[2J          [0;36mâ•”â•â•â•â•â•â•â•â•â•â•â•â•â•â•â•â•â•â•â•â•â•â•â•â•â•â•â•â•â•â•â•â•â•â•â•â•â•â•â•â•â•â•â•â•â•â•â•â•â•â•â•â•â•â•â•â•â•â•â•—[0m
          [0;36mâ•‘           [1;33mLocalCodeRabbit - Development Tools[0m            [0;36mâ•‘[0m
          [0;36mâ• â•â•â•â•â•â•â•â•â•â•â•â•â•â•â•â•â•â•â•â•â•â•â•â•â•â•â•â•â•â•â•â•â•â•â•â•â•â•â•â•â•â•â•â•â•â•â•â•â•â•â•â•â•â•â•â•â•â•â•£[0m
          [0;36mâ•‘ [0;32m 1[0m) [1;37mCheck System Requirements                           [0;36m â•‘[0m
          [0;36mâ•‘ [0;32m 2[0m) [1;37mClean Installation                                  [0;36m â•‘[0m
          [0;36mâ•‘ [0;32m 3[0m) [1;37mInstall Dependencies                                [0;36m â•‘[0m
          [0;36mâ•‘ [0;32m 4[0m) [1;37mUpdate Package Scripts                              [0;36m â•‘[0m
          [0;36mâ•‘ [0;32m 5[0m) [1;37mCreate Missing Files                                [0;36m â•‘[0m
          [0;36mâ•‘ [0;32m 6[0m) [1;37mClear Cache                                         [0;36m â•‘[0m
          [0;36mâ•‘ [0;32m 7[0m) [1;37mOptimize Database                                   [0;36m â•‘[0m
          [0;36mâ•‘ [0;32m 8[0m) [1;37mRun Linter                                          [0;36m â•‘[0m
          [0;36mâ•‘ [0;32m 9[0m) [1;37mRun Tests                                           [0;36m â•‘[0m
          [0;36mâ•‘ [0;32m10[0m) [1;37mRun Security Audit                                  [0;36m â•‘[0m
          [0;36mâ•‘ [0;32m11[0m) [1;37mStart Application                                   [0;36m â•‘[0m
          [0;36mâ•‘ [0;32m12[0m) [1;37mRun Complete Setup                                  [0;36m â•‘[0m
          [0;36mâ•‘ [0;32m13[0m) [1;37mExit                                                [0;36m â•‘[0m
          [0;36mâ•šâ•â•â•â•â•â•â•â•â•â•â•â•â•â•â•â•â•â•â•â•â•â•â•â•â•â•â•â•â•â•â•â•â•â•â•â•â•â•â•â•â•â•â•â•â•â•â•â•â•â•â•â•â•â•â•â•â•â•â•[0m
          [1;33mSelect an option [1-13]:[0m [3J[H[2J[0;36mâ•”â•â•â•â•â•â•â•â•â•â•â•â•â•â•â•â•â•â•â•â•â•â•â•â•â•â•â•â•â•â•â•â•â•â•â•â•â•â•â•â•â•â•â•â•â•â•â•â•â•â•â•â•â•â•â•â•â•â•â•â•â•â•â•â•—[0m
[0;36mâ•‘ [1;33mLocalCodeRabbit - Running: Check System Requirements        [0;36m â•‘[0m
[0;36mâ•šâ•â•â•â•â•â•â•â•â•â•â•â•â•â•â•â•â•â•â•â•â•â•â•â•â•â•â•â•â•â•â•â•â•â•â•â•â•â•â•â•â•â•â•â•â•â•â•â•â•â•â•â•â•â•â•â•â•â•â•â•â•â•â•â•[0m

[0;34m[STEP][0m Checking system requirements...... 
Checking Node.js... [â–ˆâ–ˆâ–ˆâ–‘â–‘â–‘â–‘â–‘â–‘â–‘â–‘â–‘â–‘â–‘â–‘â–‘â–‘â–‘â–‘â–‘â–‘â–‘â–‘â–‘â–‘â–‘â–‘â–‘â–‘â–‘] 10%Verifying Node.js version... [â–ˆâ–ˆâ–ˆâ–ˆâ–ˆâ–ˆâ–ˆâ–ˆâ–ˆâ–‘â–‘â–‘â–‘â–‘â–‘â–‘â–‘â–‘â–‘â–‘â–‘â–‘â–‘â–‘â–‘â–‘â–‘â–‘â–‘â–‘] 30%Checking Yarn... [â–ˆâ–ˆâ–ˆâ–ˆâ–ˆâ–ˆâ–ˆâ–ˆâ–ˆâ–ˆâ–ˆâ–ˆâ–ˆâ–ˆâ–ˆâ–‘â–‘â–‘â–‘â–‘â–‘â–‘â–‘â–‘â–‘â–‘â–‘â–‘â–‘â–‘] 50%Setting up Yarn Berry... [â–ˆâ–ˆâ–ˆâ–ˆâ–ˆâ–ˆâ–ˆâ–ˆâ–ˆâ–ˆâ–ˆâ–ˆâ–ˆâ–ˆâ–ˆâ–ˆâ–ˆâ–ˆâ–‘â–‘â–‘â–‘â–‘â–‘â–‘â–‘â–‘â–‘â–‘â–‘] 60%Setting up Yarn Berry...

changed 1 package, and audited 2 packages in 493ms

found 0 vulnerabilities
